This is pdfTeX, Version 3.14159265-2.6-1.40.17 (TeX Live 2016) (preloaded format=latex 2016.5.22)  22 MAY 2019 16:28
entering extended mode
 restricted \write18 enabled.
 %&-line parsing enabled.
**hyphy2.5.tex
(./hyphy2.5.tex
LaTeX2e <2016/03/31>
Babel <3.9r> and hyphenation patterns for 83 language(s) loaded.
(./MBE.cls
Document Class: MBE 2007/03/23 v1.4b Standard LaTeX document class
(./crop.sty
Package: crop 2001/11/16 v1.6 cropmarks (mf)
\CROP@width=\dimen102
\CROP@height=\dimen103
\CROP@index=\count79
 (/usr/local/texlive/2016/texmf-dist/tex/latex/graphics/graphics.sty
Package: graphics 2016/05/09 v1.0r Standard LaTeX Graphics (DPC,SPQR)
(/usr/local/texlive/2016/texmf-dist/tex/latex/graphics/trig.sty
Package: trig 2016/01/03 v1.10 sin cos tan (DPC)
)
(/usr/local/texlive/2016/texmf-dist/tex/latex/graphics-cfg/graphics.cfg
File: graphics.cfg 2016/01/02 v1.10 sample graphics configuration
)
Package graphics Info: Driver file: dvips.def on input line 96.

(/usr/local/texlive/2016/texmf-dist/tex/latex/graphics/dvips.def
File: dvips.def 2015/12/30 v3.0k Driver-dependent file (DPC,SPQR)
))
\CROP@offset=\count80
Package crop Info: Local config file crop.cfg used on input line 346.

(/usr/local/texlive/2016/texmf-dist/tex/xelatex/xetexconfig/crop.cfg)

Package crop Warning: center options like `a4center' are obsolete and only
(crop)                provided for compatibility reasons. They will be removed
(crop)                in future releases. Use the new options `a4'
(crop)                and `center' separately instead. on input line 348.

)
Package crop Info: using dvips graphics driver on input line 116.
 (/usr/local/texlive/2016/texmf-dist/tex/latex/base/inputenc.sty
Package: inputenc 2015/03/17 v1.2c Input encoding file
\inpenc@prehook=\toks14
\inpenc@posthook=\toks15
)
(/usr/local/texlive/2016/texmf-dist/tex/latex/amsmath/amsmath.sty
Package: amsmath 2016/03/10 v2.15b AMS math features
\@mathmargin=\skip41

For additional information on amsmath, use the `?' option.
(/usr/local/texlive/2016/texmf-dist/tex/latex/amsmath/amstext.sty
Package: amstext 2000/06/29 v2.01 AMS text

(/usr/local/texlive/2016/texmf-dist/tex/latex/amsmath/amsgen.sty
File: amsgen.sty 1999/11/30 v2.0 generic functions
\@emptytoks=\toks16
\ex@=\dimen104
))
(/usr/local/texlive/2016/texmf-dist/tex/latex/amsmath/amsbsy.sty
Package: amsbsy 1999/11/29 v1.2d Bold Symbols
\pmbraise@=\dimen105
)
(/usr/local/texlive/2016/texmf-dist/tex/latex/amsmath/amsopn.sty
Package: amsopn 2016/03/08 v2.02 operator names
)
\inf@bad=\count81
LaTeX Info: Redefining \frac on input line 199.
\uproot@=\count82
\leftroot@=\count83
LaTeX Info: Redefining \overline on input line 297.
\classnum@=\count84
\DOTSCASE@=\count85
LaTeX Info: Redefining \ldots on input line 394.
LaTeX Info: Redefining \dots on input line 397.
LaTeX Info: Redefining \cdots on input line 518.
\Mathstrutbox@=\box26
\strutbox@=\box27
\big@size=\dimen106
LaTeX Font Info:    Redeclaring font encoding OML on input line 634.
LaTeX Font Info:    Redeclaring font encoding OMS on input line 635.
\macc@depth=\count86
\c@MaxMatrixCols=\count87
\dotsspace@=\muskip10
\c@parentequation=\count88
\dspbrk@lvl=\count89
\tag@help=\toks17
\row@=\count90
\column@=\count91
\maxfields@=\count92
\andhelp@=\toks18
\eqnshift@=\dimen107
\alignsep@=\dimen108
\tagshift@=\dimen109
\tagwidth@=\dimen110
\totwidth@=\dimen111
\lineht@=\dimen112
\@envbody=\toks19
\multlinegap=\skip42
\multlinetaggap=\skip43
\mathdisplay@stack=\toks20
LaTeX Info: Redefining \[ on input line 2739.
LaTeX Info: Redefining \] on input line 2740.
)
(/usr/local/texlive/2016/texmf-dist/tex/latex/amsfonts/amssymb.sty
Package: amssymb 2013/01/14 v3.01 AMS font symbols

(/usr/local/texlive/2016/texmf-dist/tex/latex/amsfonts/amsfonts.sty
Package: amsfonts 2013/01/14 v3.01 Basic AMSFonts support
\symAMSa=\mathgroup4
\symAMSb=\mathgroup5
LaTeX Font Info:    Overwriting math alphabet `\mathfrak' in version `bold'
(Font)                  U/euf/m/n --> U/euf/b/n on input line 106.
))
(/usr/local/texlive/2016/texmf-dist/tex/latex/base/latexsym.sty
Package: latexsym 1998/08/17 v2.2e Standard LaTeX package (lasy symbols)
\symlasy=\mathgroup6
LaTeX Font Info:    Overwriting symbol font `lasy' in version `bold'
(Font)                  U/lasy/m/n --> U/lasy/b/n on input line 52.
)
(/usr/local/texlive/2016/texmf-dist/tex/latex/float/float.sty
Package: float 2001/11/08 v1.3d Float enhancements (AL)
\c@float@type=\count93
\float@exts=\toks21
\float@box=\box28
\@float@everytoks=\toks22
\@floatcapt=\box29
)
(/usr/local/texlive/2016/texmf-dist/tex/latex/graphics/epsfig.sty
Package: epsfig 1999/02/16 v1.7a (e)psfig emulation (SPQR)

(/usr/local/texlive/2016/texmf-dist/tex/latex/graphics/graphicx.sty
Package: graphicx 2014/10/28 v1.0g Enhanced LaTeX Graphics (DPC,SPQR)

(/usr/local/texlive/2016/texmf-dist/tex/latex/graphics/keyval.sty
Package: keyval 2014/10/28 v1.15 key=value parser (DPC)
\KV@toks@=\toks23
)
\Gin@req@height=\dimen113
\Gin@req@width=\dimen114
)
\epsfxsize=\dimen115
\epsfysize=\dimen116
)
(/usr/local/texlive/2016/texmf-dist/tex/latex/wrapfig/wrapfig.sty
\wrapoverhang=\dimen117
\WF@size=\dimen118
\c@WF@wrappedlines=\count94
\WF@box=\box30
\WF@everypar=\toks24
Package: wrapfig 2003/01/31  v 3.6
)
(/usr/local/texlive/2016/texmf-dist/tex/latex/sttools/stfloats.sty
Package: stfloats 2016/02/08 v2.0 Improve float mechanism and baselineskip sett
ings
\@dblbotnum=\count95
\c@dblbotnumber=\count96
)
(/usr/local/texlive/2016/texmf-dist/tex/latex/tools/multicol.sty
Package: multicol 2016/04/07 v1.8p multicolumn formatting (FMi)
\c@tracingmulticols=\count97
\mult@box=\box31
\multicol@leftmargin=\dimen119
\c@unbalance=\count98
\c@collectmore=\count99
\doublecol@number=\count100
\multicoltolerance=\count101
\multicolpretolerance=\count102
\full@width=\dimen120
\page@free=\dimen121
\premulticols=\dimen122
\postmulticols=\dimen123
\multicolsep=\skip44
\multicolbaselineskip=\skip45
\partial@page=\box32
\last@line=\box33
\maxbalancingoverflow=\dimen124
\mult@rightbox=\box34
\mult@grightbox=\box35
\mult@gfirstbox=\box36
\mult@firstbox=\box37
\@tempa=\box38
\@tempa=\box39
\@tempa=\box40
\@tempa=\box41
\@tempa=\box42
\@tempa=\box43
\@tempa=\box44
\@tempa=\box45
\@tempa=\box46
\@tempa=\box47
\@tempa=\box48
\@tempa=\box49
\@tempa=\box50
\@tempa=\box51
\@tempa=\box52
\@tempa=\box53
\@tempa=\box54
\c@columnbadness=\count103
\c@finalcolumnbadness=\count104
\last@try=\dimen125
\multicolovershoot=\dimen126
\multicolundershoot=\dimen127
\mult@nat@firstbox=\box55
\colbreak@box=\box56
\mc@col@check@num=\count105
)
(/usr/local/texlive/2016/texmf-dist/tex/latex/rotating/rotating.sty
Package: rotating 2009/03/28 v2.16a rotated objects in LaTeX

(/usr/local/texlive/2016/texmf-dist/tex/latex/base/ifthen.sty
Package: ifthen 2014/09/29 v1.1c Standard LaTeX ifthen package (DPC)
)
\c@r@tfl@t=\count106
\rotFPtop=\skip46
\rotFPbot=\skip47
\rot@float@box=\box57
\rot@mess@toks=\toks25
)
(/usr/local/texlive/2016/texmf-dist/tex/latex/multirow/multirow.sty
\bigstrutjot=\dimen128
)
(/usr/local/texlive/2016/texmf-dist/tex/latex/tools/dcolumn.sty
Package: dcolumn 2014/10/28 v1.06 decimal alignment package (DPC)

(/usr/local/texlive/2016/texmf-dist/tex/latex/tools/array.sty
Package: array 2014/10/28 v2.4c Tabular extension package (FMi)
\col@sep=\dimen129
\extrarowheight=\dimen130
\NC@list=\toks26
\extratabsurround=\skip48
\backup@length=\skip49
))
(/usr/local/texlive/2016/texmf-dist/tex/latex/boxedminipage/boxedminipage.sty)
(/usr/local/texlive/2016/texmf-dist/tex/latex/base/makeidx.sty
Package: makeidx 2014/09/29 v1.0m Standard LaTeX package
)
(/usr/local/texlive/2016/texmf-dist/tex/latex/soul/soul.sty
Package: soul 2003/11/17 v2.4 letterspacing/underlining (mf)
\SOUL@word=\toks27
\SOUL@lasttoken=\toks28
\SOUL@cmds=\toks29
\SOUL@buffer=\toks30
\SOUL@token=\toks31
\SOUL@spaceskip=\skip50
\SOUL@ttwidth=\dimen131
\SOUL@uldp=\dimen132
\SOUL@ulht=\dimen133
)
(/usr/local/texlive/2016/texmf-dist/tex/latex/url/url.sty
\Urlmuskip=\muskip11
Package: url 2013/09/16  ver 3.4  Verb mode for urls, etc.
)
(/usr/local/texlive/2016/texmf-dist/tex/latex/tools/xspace.sty
Package: xspace 2014/10/28 v1.13 Space after command names (DPC,MH)
)
(/usr/local/texlive/2016/texmf-dist/tex/latex/graphics/color.sty
Package: color 2016/05/09 v1.1c Standard LaTeX Color (DPC)

(/usr/local/texlive/2016/texmf-dist/tex/latex/graphics-cfg/color.cfg
File: color.cfg 2016/01/02 v1.6 sample color configuration
)
Package color Info: Driver file: dvips.def on input line 144.

(/usr/local/texlive/2016/texmf-dist/tex/latex/graphics/dvipsnam.def
File: dvipsnam.def 2015/12/30 v3.0k Driver-dependent file (DPC,SPQR)
))

LaTeX Font Warning: Font shape `OT1/cmr/m/n' in size <10.5> not available
(Font)              size <10.95> substituted on input line 124.

\cropenskip=\dimen134
\PVskip=\dimen135
\jnameskip=\skip51
\titleskip=\dimen136
\authorskip=\dimen137
\ruleskip=\dimen138
\ruleht=\dimen139
\belowmktitskip=\skip52
\alignmkadj=\skip53
\alignadj=\skip54
\aboveheaderskip=\skip55
\belowheaderskip=\skip56
\abovefmheaderskip=\skip57
\belowfmheaderskip=\skip58
\abovecnskip=\skip59
\belowcnskip=\skip60
\abovectskip=\skip61
\belowctskip=\skip62
\aboveauskip=\skip63
\belowauskip=\skip64
\aboveaffskip=\skip65
\belowaffskip=\skip66
\abovefmcnskip=\skip67
\belowfmcnskip=\skip68
\abovefmctskip=\skip69
\belowfmctskip=\skip70
\firstlinefixedpos=\skip71
\chapnobox=\box58
\chapwdwidth=\dimen140
\chapnowd=\dimen141
\chrulesp=\dimen142
\droplines=\count107
\dropsep=\dimen143
\capvskip=\skip72
\caphskip=\skip73
\capwd=\dimen144
\droplinewd=\dimen145
\c@part=\count108
\c@chapter=\count109
\c@section=\count110
\c@subsection=\count111
\c@subsubsection=\count112
\c@paragraph=\count113
\c@subparagraph=\count114
\c@subsubparagraph=\count115
\labelwidthi=\dimen146
\labelwidthii=\dimen147
\labelwidthiii=\dimen148
\labelwidthiv=\dimen149
\topsepi=\skip74
\topsepii=\skip75
\topsepiii=\skip76
\topsepiv=\skip77
\itemsepi=\skip78
\itemsepii=\skip79
\itemsepiii=\skip80
\itemsepiv=\skip81
\labelsepi=\dimen150
\labelsepii=\dimen151
\labelsepiii=\dimen152
\labelsepiv=\dimen153
\parsepi=\dimen154
\parsepii=\dimen155
\parsepiii=\dimen156
\parsepiv=\dimen157
\rightmargini=\dimen158
\rightmarginii=\dimen159
\rightmarginiii=\dimen160
\rightmarginiv=\dimen161
\itemindenti=\dimen162
\itemindentii=\dimen163
\itemindentiii=\dimen164
\itemindentiv=\dimen165
\labelleftmargin=\dimen166
\c@figure=\count116
\c@table=\count117
\abovecaptionskip=\skip82
\belowcaptionskip=\skip83
\figurewidth=\dimen167
\figureheight=\dimen168
\dwidth=\dimen169
\dheight=\dimen170
\ncolumns=\count118
\nrows=\count119
\tablewd=\dimen171
\tablewidth=\dimen172
\captionwd=\dimen173
\tempbox=\box59
\tableleftskip=\skip84
\tablerightskip=\skip85
\tablecapleftskip=\skip86
\tablecaprightskip=\skip87
\tablefootleftskip=\skip88
\tablefootrightskip=\skip89
\rotdimen=\dimen174
\footnumskip=\dimen175
\bibindent=\dimen176
\maxbibwd=\dimen177
(./cpl-natbib.sty
Package: cpl-natbib 2000/07/24 7.0a (PWD)
\bibhang=\skip90
\bibsep=\skip91
LaTeX Info: Redefining \cite on input line 509.
\c@NAT@ctr=\count120
)
\hours=\count121
\minutes=\count122
\grid@sidemargin=\dimen178
\grid@wd=\dimen179
\grid@ht=\dimen180
\grid@linewd=\dimen181
\grid@topofline=\dimen182
LaTeX Info: Redefining \textso on input line 2510.
\currfontsize=\dimen183

(/usr/local/texlive/2016/texmf-dist/tex/latex/amscls/amsthm.sty
Package: amsthm 2015/03/04 v2.20.2
\thm@style=\toks32
\thm@bodyfont=\toks33
\thm@headfont=\toks34
\thm@notefont=\toks35
\thm@headpunct=\toks36
\thm@preskip=\skip92
\thm@postskip=\skip93
\thm@headsep=\skip94
\dth@everypar=\toks37
)
\c@defn=\count123
\c@propn=\count124
\c@Lem=\count125
\c@rem=\count126
\@indexfile=\write3
\openout3 = `hyphy2.5.idx'.


Writing index file hyphy2.5.idx
) (/usr/local/texlive/2016/texmf-dist/tex/latex/tools/tabularx.sty
Package: tabularx 2016/02/03 v2.11 `tabularx' package (DPC)
\TX@col@width=\dimen184
\TX@old@table=\dimen185
\TX@old@col=\dimen186
\TX@target=\dimen187
\TX@delta=\dimen188
\TX@cols=\count127
\TX@ftn=\toks38
)
(/usr/local/texlive/2016/texmf-dist/tex/latex/tablefootnote/tablefootnote.sty
Package: tablefootnote 2014/01/26 v1.1c Table foot notes (HMM)

(/usr/local/texlive/2016/texmf-dist/tex/generic/oberdiek/ltxcmds.sty
Package: ltxcmds 2016/05/16 v1.23 LaTeX kernel commands for general use (HO)
)
(/usr/local/texlive/2016/texmf-dist/tex/latex/oberdiek/letltxmacro.sty
Package: letltxmacro 2016/05/16 v1.5 Let assignment for LaTeX macros (HO)
)
(/usr/local/texlive/2016/texmf-dist/tex/latex/xifthen/xifthen.sty
Package: xifthen 2015/11/05 v1.4.0 Extended ifthen features

(/usr/local/texlive/2016/texmf-dist/tex/latex/tools/calc.sty
Package: calc 2014/10/28 v4.3 Infix arithmetic (KKT,FJ)
\calc@Acount=\count128
\calc@Bcount=\count129
\calc@Adimen=\dimen189
\calc@Bdimen=\dimen190
\calc@Askip=\skip95
\calc@Bskip=\skip96
LaTeX Info: Redefining \setlength on input line 80.
LaTeX Info: Redefining \addtolength on input line 81.
\calc@Ccount=\count130
\calc@Cskip=\skip97
)
(/usr/local/texlive/2016/texmf-dist/tex/latex/ifmtarg/ifmtarg.sty
Package: ifmtarg 2009/09/02 v1.2a check for an empty argument
))
(/usr/local/texlive/2016/texmf-dist/tex/latex/etoolbox/etoolbox.sty
Package: etoolbox 2015/08/02 v2.2a e-TeX tools for LaTeX (JAW)
\etb@tempcnta=\count131
))

LaTeX Warning: Unused global option(s):
    [nogrid].

(./hyphy2.5.aux)
\openout1 = `hyphy2.5.aux'.

LaTeX Font Info:    Checking defaults for OML/cmm/m/it on input line 26.
LaTeX Font Info:    ... okay on input line 26.
LaTeX Font Info:    Checking defaults for T1/cmr/m/n on input line 26.
LaTeX Font Info:    ... okay on input line 26.
LaTeX Font Info:    Checking defaults for OT1/cmr/m/n on input line 26.
LaTeX Font Info:    ... okay on input line 26.
LaTeX Font Info:    Checking defaults for OMS/cmsy/m/n on input line 26.
LaTeX Font Info:    ... okay on input line 26.
LaTeX Font Info:    Checking defaults for OMX/cmex/m/n on input line 26.
LaTeX Font Info:    ... okay on input line 26.
LaTeX Font Info:    Checking defaults for U/cmr/m/n on input line 26.
LaTeX Font Info:    ... okay on input line 26.


LaTeX Font Warning: Font shape `OT1/cmr/b/n' in size <20> not available
(Font)              size <20.74> substituted on input line 63.


LaTeX Font Warning: Font shape `OT1/cmr/m/n' in size <12.5> not available
(Font)              size <12> substituted on input line 63.

LaTeX Font Info:    Calculating math sizes for size <12.5> on input line 63.

LaTeX Font Warning: Font shape `OML/cmm/m/it' in size <12.5> not available
(Font)              size <12> substituted on input line 63.


LaTeX Font Warning: Font shape `OMS/cmsy/m/n' in size <12.5> not available
(Font)              size <12> substituted on input line 63.

LaTeX Font Info:    Try loading font information for U+msa on input line 63.
(/usr/local/texlive/2016/texmf-dist/tex/latex/amsfonts/umsa.fd
File: umsa.fd 2013/01/14 v3.01 AMS symbols A
)
LaTeX Font Info:    Try loading font information for U+msb on input line 63.

(/usr/local/texlive/2016/texmf-dist/tex/latex/amsfonts/umsb.fd
File: umsb.fd 2013/01/14 v3.01 AMS symbols B
)
LaTeX Font Info:    Try loading font information for U+lasy on input line 63.

(/usr/local/texlive/2016/texmf-dist/tex/latex/base/ulasy.fd
File: ulasy.fd 1998/08/17 v2.2e LaTeX symbol font definitions
)

LaTeX Font Warning: Font shape `U/lasy/m/n' in size <12.5> not available
(Font)              size <12> substituted on input line 63.


LaTeX Font Warning: Font shape `OT1/cmr/m/m' undefined
(Font)              using `OT1/cmr/m/n' instead on input line 63.

LaTeX Font Info:    Font shape `U/lasy/b/n' in size <8> not available
(Font)              Font shape `U/lasy/m/n' tried instead on input line 63.
LaTeX Font Info:    Font shape `U/lasy/b/n' in size <6> not available
(Font)              Font shape `U/lasy/m/n' tried instead on input line 63.

LaTeX Font Warning: Font shape `OT1/cmr/bx/m' undefined
(Font)              using `OT1/cmr/bx/n' instead on input line 63.


LaTeX Font Warning: Font shape `OT1/cmr/b/n' in size <13> not available
(Font)              size <12> substituted on input line 63.


LaTeX Font Warning: Font shape `OT1/cmtt/m/n' in size <10.5> not available
(Font)              size <10.95> substituted on input line 63.


LaTeX Font Warning: Font shape `OT1/cmss/b/m' undefined
(Font)              using `OT1/cmss/m/n' instead on input line 63.


LaTeX Font Warning: Font shape `OT1/cmss/m/n' in size <10.5> not available
(Font)              size <10.95> substituted on input line 63.


LaTeX Font Warning: Font shape `OT1/cmr/m/m' in size <10.5> not available
(Font)              size <10.95> substituted on input line 63.


LaTeX Font Warning: Font shape `OT1/cmr/m/it' in size <10.5> not available
(Font)              size <10.95> substituted on input line 71.

LaTeX Font Info:    Calculating math sizes for size <10.5> on input line 78.

LaTeX Font Warning: Font shape `OML/cmm/m/it' in size <10.5> not available
(Font)              size <10.95> substituted on input line 78.


LaTeX Font Warning: Font shape `OMS/cmsy/m/n' in size <10.5> not available
(Font)              size <10.95> substituted on input line 78.


LaTeX Font Warning: Font shape `U/lasy/m/n' in size <10.5> not available
(Font)              size <10.95> substituted on input line 78.


Underfull \hbox (badness 3128) in paragraph at lines 67--89
\OT1/cmr/m/m/10.95 evolutionary models. It is written in C++
 []


Underfull \hbox (badness 3323) in paragraph at lines 67--89
\OT1/cmr/m/m/10.95 and implements a domain specific scripting
 []


Underfull \hbox (badness 3333) in paragraph at lines 67--89
\OT1/cmr/m/m/10.95 language (HBL, or \OT1/cmtt/m/n/10.95 HyPhy \OT1/cmr/m/m/10.
95 Batch Language)
 []


Underfull \hbox (badness 2538) in paragraph at lines 67--89
\OT1/cmtt/m/n/10.95 HyPhy \OT1/cmr/m/m/10.95 follows the common design paradigm

 []


Underfull \hbox (badness 1867) in paragraph at lines 67--89
\OT1/cmr/m/m/10.95 (e.g. R(Team \OT1/cmr/m/it/10.95 et al.\OT1/cmr/m/m/10.95 , 
2013), RevBayes(H^^?ohna
 []


Underfull \hbox (badness 3219) in paragraph at lines 67--89
\OT1/cmr/m/it/10.95 et al.\OT1/cmr/m/m/10.95 , 2016), BEAST 2.x(Bouckaert \OT1/
cmr/m/it/10.95 et al.\OT1/cmr/m/m/10.95 ,
 []


Underfull \hbox (badness 1389) in paragraph at lines 67--89
\OT1/cmr/m/m/10.95 2014)) of coupling a compiled computational
 []


Underfull \hbox (badness 10000) in paragraph at lines 67--89
\OT1/cmr/m/m/10.95 engine with compute-intensive core and
 []


Underfull \hbox (badness 6978) in paragraph at lines 67--89
\OT1/cmr/m/m/10.95 to implement models, analyses, and high-
 []


Underfull \hbox (badness 4886) in paragraph at lines 67--89
\OT1/cmr/m/m/10.95 level algorithms. \OT1/cmtt/m/n/10.95 HyPhy \OT1/cmr/m/m/10.
95 is distributed with
 []


Underfull \hbox (badness 1917) in paragraph at lines 67--89
\OT1/cmr/m/m/10.95 a sizable library of HBL modules and pre-
 []


Underfull \hbox (badness 10000) in paragraph at lines 67--89
\OT1/cmr/m/m/10.95 community with over $2\OML/cmm/m/it/10.95 ; \OT1/cmr/m/m/10.
95 500$ peer-reviewed
 []


Underfull \hbox (badness 10000) in paragraph at lines 67--89
\OT1/cmr/m/m/10.95 @doi:10.1093/bioinformatics/btq429;
 []


Underfull \hbox (badness 10000) in paragraph at lines 67--89
\OT1/cmr/m/m/10.95 @doi:10.1093/molbev/msx335]. Extensions
 []


Underfull \hbox (badness 1558) in paragraph at lines 67--89
\OT1/cmr/m/m/10.95 users and developers producing new features
 []


Underfull \hbox (badness 1005) in paragraph at lines 67--89
\OT1/cmr/m/m/10.95 community. Here we announce the release of
 []


Underfull \vbox (badness 10000) has occurred while \output is active []


Underfull \vbox (badness 10000) has occurred while \output is active []



LaTeX Font Warning: Font shape `OT1/cmr/bx/n' in size <20> not available
(Font)              size <20.74> substituted on input line 89.


Underfull \hbox (badness 10000) has occurred while \output is active
[]
 []

LaTeX Font Info:    Try loading font information for OMS+cmr on input line 89.
(/usr/local/texlive/2016/texmf-dist/tex/latex/base/omscmr.fd
File: omscmr.fd 2014/09/29 v2.5h Standard LaTeX font definitions
)
LaTeX Font Info:    Font shape `OMS/cmr/m/n' in size <7> not available
(Font)              Font shape `OMS/cmsy/m/n' tried instead on input line 89.


LaTeX Font Warning: Font shape `OT1/cmr/m/rmdefault' undefined
(Font)              using `OT1/cmr/m/n' instead on input line 89.


Overfull \hbox (5.8414pt too wide) has occurred while \output is active
| []
 []

[1


]
Underfull \hbox (badness 4328) in paragraph at lines 90--96
[]\OT1/cmr/m/m/10.95 The source code, installation instructions,
 []


Underfull \hbox (badness 1242) in paragraph at lines 90--96
\OT1/cmr/m/m/10.95 and documentation for \OT1/cmtt/m/n/10.95 HyPhy \OT1/cmr/m/m
/10.95 is available at
 []


Underfull \hbox (badness 5161) in paragraph at lines 90--96
\OT1/cmtt/m/n/10.95 github . com / veg / hyphy$ \OT1/cmr/m/m/10.95 and $\OT1/cm
tt/m/n/10.95 hyphy . org$\OT1/cmr/m/m/10.95 , and
 []


Underfull \hbox (badness 4543) in paragraph at lines 90--96
\OT1/cmr/m/m/10.95 module -- at $\OT1/cmtt/m/n/10.95 github . com / veg / hyphy
-[]vision$
 []


Underfull \hbox (badness 4072) in paragraph at lines 90--96
\OT1/cmr/m/m/10.95 implementing the most popular analyses is
 []


LaTeX Font Warning: Font shape `OT1/cmr/m/n' in size <11.5> not available
(Font)              size <12> substituted on input line 100.


LaTeX Font Warning: Font shape `OT1/cmr/bx/n' in size <10.5> not available
(Font)              size <10.95> substituted on input line 104.


Package natbib Warning: Citation `xx' on page 2 undefined on input line 104.


Underfull \hbox (badness 10000) in paragraph at lines 102--109
\OT1/cmr/m/m/10.95 Software development practices and usage
 []


Underfull \hbox (badness 4981) in paragraph at lines 102--109
\OT1/cmr/m/m/10.95 patterns have decisively shifted away from
 []


Underfull \hbox (badness 10000) in paragraph at lines 102--109
\OT1/cmr/m/m/10.95 monolithic packages towards modular and
 []


Underfull \hbox (badness 1917) in paragraph at lines 102--109
\OT1/cmr/m/m/10.95 reusable components that must be installed,
 []


Underfull \vbox (badness 10000) has occurred while \output is active []


Underfull \hbox (badness 1762) in paragraph at lines 111--112
[]\OT1/cmr/m/m/10.95 CLI ; keywords and interactive [simple
 []


Underfull \hbox (badness 3375) in paragraph at lines 113--114
[]\OT1/cmr/m/m/10.95 Web applications; Datamonkey, Galaxy,
 []


Underfull \hbox (badness 1540) in paragraph at lines 119--138
\OT1/cmr/m/m/10.95 data including methods. Core numerical and
 []


Underfull \hbox (badness 2617) in paragraph at lines 119--138
\OT1/cmr/m/m/10.95 which cannot be overcome with more code
 []


Underfull \hbox (badness 7133) in paragraph at lines 119--138
\OT1/cmr/m/m/10.95 of high-throughput screening of alignments
 []


Underfull \hbox (badness 4108) in paragraph at lines 119--138
\OT1/cmr/m/m/10.95 of natural selection (Murrell \OT1/cmr/m/it/10.95 et al.\OT1
/cmr/m/m/10.95 , 2013).
 []


Overfull \hbox (5.9604pt too wide) in paragraph at lines 119--138
\OT1/cmr/m/m/10.95 infrastructure[@doi:10.1093/bioinformatics/bti320;
 []


Underfull \hbox (badness 10000) in paragraph at lines 119--138
\OT1/cmr/m/m/10.95 @doi:10.1093/bioinformatics/btq429;
 []


Underfull \hbox (badness 6608) in paragraph at lines 119--138
\OT1/cmr/m/m/10.95 @doi:10.1093/molbev/msx335] free of charge
 []


Underfull \hbox (badness 10000) in paragraph at lines 119--138
\OT1/cmr/m/m/10.95 access to scientific computing resources
 []


Overfull \vbox (5.29997pt too high) has occurred while \output is active []


Underfull \hbox (badness 10000) has occurred while \output is active
\OT1/cmr/m/m/10 2
 []

[2]
Underfull \vbox (badness 10000) has occurred while \output is active []


Underfull \hbox (badness 3989) in paragraph at lines 151--161
\OT1/cmr/m/m/10.95 an executable name followed by key word
 []


Underfull \hbox (badness 7486) in paragraph at lines 151--161
\OT1/cmr/m/m/10.95 arguments) has been added alongside the
 []


Underfull \hbox (badness 1546) in paragraph at lines 151--161
\OT1/cmr/m/m/10.95 along with the ability to use relative paths
 []


Underfull \hbox (badness 1226) in paragraph at lines 151--161
\OT1/cmr/m/m/10.95 to files, has made using HyPhy in pipelines
 []


Underfull \hbox (badness 1728) in paragraph at lines 151--161
\OT1/cmr/m/m/10.95 and batch analyses seamless. In addition to
 []


Underfull \hbox (badness 2608) in paragraph at lines 151--161
\OT1/cmr/m/m/10.95 build processes but can simply type \OT1/cmtt/m/n/10.95 cond
a
 []


Underfull \hbox (badness 1902) in paragraph at lines 170--181
[]\OT1/cmr/m/m/10.95 We are also standardizing the way \OT1/cmtt/m/n/10.95 HyPh
y
 []


Underfull \hbox (badness 1062) in paragraph at lines 170--181
\OT1/cmr/m/m/10.95 analyses operate. A command-line analysis is
 []


Underfull \hbox (badness 1325) in paragraph at lines 170--181
\OT1/cmr/m/m/10.95 arguments, or prompts, execute the analysis,
 []


Underfull \hbox (badness 3568) in paragraph at lines 170--181
\OT1/cmr/m/m/10.95 a JavaScript interactive visualization library
 []


Underfull \hbox (badness 1158) in paragraph at lines 170--181
\OT1/cmr/m/m/10.95 files can be readily parsed and processed in
 []


Underfull \vbox (badness 10000) has occurred while \output is active []


Overfull \vbox (5.29997pt too high) has occurred while \output is active []


[3]

Package natbib Warning: Citation `darriba2018state' on page 4 undefined on inpu
t line 186.


Underfull \hbox (badness 1460) in paragraph at lines 184--197
\OT1/cmr/m/m/10.95 Software quality control and rigorous testing
 []


Underfull \hbox (badness 2368) in paragraph at lines 184--197
\OT1/cmr/m/m/10.95 are expected to be a part of any modern
 []


Underfull \hbox (badness 1917) in paragraph at lines 184--197
\OT1/cmr/m/m/10.95 extensive automated testing as a part of a
 []


Underfull \hbox (badness 10000) in paragraph at lines 184--197
\OT1/cmr/m/m/10.95 [@url:https://gitlab.com/testiphy/testiphy]
 []


Underfull \hbox (badness 4634) in paragraph at lines 184--197
\OT1/cmr/m/m/10.95 by \OT1/cmtt/m/n/10.95 HyPhy \OT1/cmr/m/m/10.95 with values 
calculated by other
 []

LaTeX Font Info:    Font shape `OMS/cmr/m/n' in size <10.5> not available
(Font)              Font shape `OMS/cmsy/m/n' tried instead on input line 209.

LaTeX Font Warning: Font shape `OMS/cmsy/m/n' in size <10.5> not available
(Font)              size <10.95> substituted on input line 209.


Underfull \hbox (badness 10000) in paragraph at lines 209--211
[]\OT1/cmr/m/m/10.95 aBSREL[@doi:10.1093/molbev/msv022;
 []


Underfull \hbox (badness 10000) in paragraph at lines 209--211
\OT1/cmr/m/m/10.95 @doi:10.1093/molbev/msr125] (adaptive
 []


Underfull \hbox (badness 10000) in paragraph at lines 209--211
\OT1/cmr/m/m/10.95 Branch-Site Random Effects Likelihood)
 []


Underfull \hbox (badness 5592) in paragraph at lines 209--211
\OT1/cmr/m/m/10.95 - Detect positive/diversifying selection at
 []


Underfull \hbox (badness 10000) in paragraph at lines 211--213
[]\OT1/cmr/m/m/10.95 BGM [@doi:10.1093/bioinformatics/btn313]
 []


Underfull \hbox (badness 7308) in paragraph at lines 211--213
\OT1/cmr/m/m/10.95 (Bayesian Graphical Models) - Test for
 []


Underfull \hbox (badness 10000) in paragraph at lines 213--215
[]\OT1/cmr/m/m/10.95 BUSTED [@doi:10.1093/molbev/msv035]
 []


Underfull \hbox (badness 4647) in paragraph at lines 213--215
\OT1/cmr/m/m/10.95 Episodic Diversification) - Test gene-wide
 []


Underfull \hbox (badness 5878) in paragraph at lines 215--217
[]\OT1/cmr/m/m/10.95 FADE (FUBAR Approach to Directional
 []


Underfull \vbox (badness 10000) has occurred while \output is active []


Overfull \vbox (5.29997pt too high) has occurred while \output is active []


Underfull \hbox (badness 10000) has occurred while \output is active
\OT1/cmr/m/m/10 4
 []

[4]
Underfull \hbox (badness 10000) in paragraph at lines 217--219
[]\OT1/cmr/m/m/10.95 FEL [@doi:10.1093/molbev/msi105] (Fixed
 []


Underfull \hbox (badness 5374) in paragraph at lines 219--221
[]\OT1/cmr/m/m/10.95 FUBAR [@doi:10.1093/molbev/mst030](Fast,
 []


Underfull \hbox (badness 10000) in paragraph at lines 219--221
\OT1/cmr/m/m/10.95 Unconstrained Bayesian AppRoximation)
 []


Underfull \hbox (badness 6412) in paragraph at lines 219--221
\OT1/cmr/m/m/10.95 - Infer non-synonymous and synonymous
 []


Underfull \hbox (badness 10000) in paragraph at lines 221--223
[]\OT1/cmr/m/m/10.95 GARD [@doi:10.1093/molbev/msl051]
 []


Underfull \hbox (badness 10000) in paragraph at lines 221--223
\OT1/cmr/m/m/10.95 (Genetic Algorithm for Recombination
 []


Underfull \hbox (badness 10000) in paragraph at lines 223--225
[]\OT1/cmr/m/m/10.95 MEME [@doi:10.1371/journal.pgen.1002764]
 []


Underfull \hbox (badness 1038) in paragraph at lines 223--225
\OT1/cmr/m/m/10.95 (Mixed Effects Model of Evolution) - Test
 []


Underfull \hbox (badness 4072) in paragraph at lines 223--225
\OT1/cmr/m/m/10.95 the hypothesis that individual sites have
 []


Underfull \hbox (badness 10000) in paragraph at lines 225--227
[]\OT1/cmr/m/m/10.95 RELAX [@doi:10.1093/molbev/msu400] -
 []


Underfull \hbox (badness 3068) in paragraph at lines 225--227
\OT1/cmr/m/m/10.95 Evaluate whether the strength of natural
 []


Underfull \hbox (badness 10000) in paragraph at lines 227--228
[]\OT1/cmr/m/m/10.95 SLAC [@doi:10.1093/molbev/msi105]
 []


Underfull \vbox (badness 10000) has occurred while \output is active []


Underfull \hbox (badness 10000) in paragraph at lines 241--245
\OT1/cmr/m/m/10.95 This work was supported in part by
 []


Underfull \hbox (badness 10000) in paragraph at lines 241--245
\OT1/cmr/m/m/10.95 grants R01 AI134384 (NIH/NIAID), R01
 []


Underfull \hbox (badness 10000) in paragraph at lines 241--245
\OT1/cmr/m/m/10.95 (NIH/NIGMS). JOW was funded by an
 []


Underfull \hbox (badness 10000) in paragraph at lines 241--245
\OT1/cmr/m/m/10.95 NIH-NIAID Career Development Award
 []


Underfull \hbox (badness 1112) in paragraph at lines 241--245
\OT1/cmr/m/m/10.95 (K01AI110181) and the California HIV/AIDS
 []

(./hyphy2.5.bbl
Underfull \hbox (badness 1270) in paragraph at lines 4--7
\OT1/cmr/m/n/9 dirichlet allocation.  \OT1/cmr/m/it/9 Journal of machine Learni
ng
 []


Underfull \hbox (badness 2384) in paragraph at lines 17--22
\OT1/cmr/m/n/9 model-specification language.  \OT1/cmr/m/it/9 Systematic Biolog
y\OT1/cmr/m/n/9 ,
 []


Overfull \vbox (5.29997pt too high) has occurred while \output is active []


[5]
Underfull \hbox (badness 2626) in paragraph at lines 43--48
\OT1/cmr/m/n/9 2.0: a modern web application for characterizing
 []

)

Package natbib Warning: There were undefined citations.


Overfull \vbox (5.29997pt too high) has occurred while \output is active []


Underfull \hbox (badness 10000) has occurred while \output is active
\OT1/cmr/m/m/10 6
 []

[6

] (./hyphy2.5.aux)

LaTeX Font Warning: Size substitutions with differences
(Font)              up to 1.0pt have occurred.


LaTeX Font Warning: Some font shapes were not available, defaults substituted.

 ) 
Here is how much of TeX's memory you used:
 4296 strings out of 493015
 53726 string characters out of 6133377
 132829 words of memory out of 5000000
 7709 multiletter control sequences out of 15000+600000
 22394 words of font info for 91 fonts, out of 8000000 for 9000
 1150 hyphenation exceptions out of 8191
 37i,15n,34p,787b,300s stack positions out of 5000i,500n,10000p,200000b,80000s

Output written on hyphy2.5.dvi (6 pages, 27496 bytes).
